2023-10-06 17:36:11.219  INFO 19348 --- [main] u.a.e.ena.EnaFileDownloaderApplication   : Starting EnaFileDownloaderApplication using Java 20.0.2 on 5CG1275NG3 with PID 19348 (C:\Users\ns651\Downloads\ena-file-downloader\ena-file-downloader.jar started by ns651 in C:\Users\ns651\Downloads\ena-file-downloader)
2023-10-06 17:36:11.223 DEBUG 19348 --- [main] u.a.e.ena.EnaFileDownloaderApplication   : Running with Spring Boot v2.4.5, Spring v5.3.6
2023-10-06 17:36:11.224  INFO 19348 --- [main] u.a.e.ena.EnaFileDownloaderApplication   : No active profile set, falling back to default profiles: default
2023-10-06 17:36:12.459  INFO 19348 --- [main] u.a.e.ena.EnaFileDownloaderApplication   : Started EnaFileDownloaderApplication in 1.768 seconds (JVM running for 2.609)
2023-10-06 17:36:35.065 ERROR 19348 --- [main] uk.ac.ebi.ena.app.MainRunner             : Exception Occurred 

java.lang.Exception: Unsupported accession type provided:12321323
	at uk.ac.ebi.ena.app.utils.CommonUtils.processAccessions(CommonUtils.java:68)
	at uk.ac.ebi.ena.app.menu.services.MenuService.a2GetAccessionListFromCommaSeparated(MenuService.java:155)
	at uk.ac.ebi.ena.app.menu.services.MenuService.aBuildAccessionEntryMenu(MenuService.java:305)
	at uk.ac.ebi.ena.app.menu.services.MenuService.showTypeOfDataMenu(MenuService.java:233)
	at uk.ac.ebi.ena.app.MainRunner.run(MainRunner.java:140)
	at org.springframework.boot.SpringApplication.callRunner(SpringApplication.java:819)
	at org.springframework.boot.SpringApplication.callRunners(SpringApplication.java:803)
	at org.springframework.boot.SpringApplication.run(SpringApplication.java:346)
	at org.springframework.boot.SpringApplication.run(SpringApplication.java:1340)
	at org.springframework.boot.SpringApplication.run(SpringApplication.java:1329)
	at uk.ac.ebi.ena.EnaFileDownloaderApplication.main(EnaFileDownloaderApplication.java:30)
	at java.base/jdk.internal.reflect.DirectMethodHandleAccessor.invoke(DirectMethodHandleAccessor.java:104)
	at java.base/java.lang.reflect.Method.invoke(Method.java:578)
	at org.springframework.boot.loader.MainMethodRunner.run(MainMethodRunner.java:49)
	at org.springframework.boot.loader.Launcher.launch(Launcher.java:108)
	at org.springframework.boot.loader.Launcher.launch(Launcher.java:58)
	at org.springframework.boot.loader.JarLauncher.main(JarLauncher.java:88)

