2023-10-17 20:57:09.173  INFO 5096 --- [main] u.a.e.ena.EnaFileDownloaderApplication   : Starting EnaFileDownloaderApplication using Java 20.0.2 on 5CG1275NG3 with PID 5096 (C:\Users\ns651\OneDrive - University of Exeter\Desktop\rena\inst\extdata\ena-file-downloader\ena-file-downloader.jar started by ns651 in C:\Users\ns651\OneDrive - University of Exeter\Desktop\rena)
2023-10-17 20:57:09.176 DEBUG 5096 --- [main] u.a.e.ena.EnaFileDownloaderApplication   : Running with Spring Boot v2.4.5, Spring v5.3.6
2023-10-17 20:57:09.176  INFO 5096 --- [main] u.a.e.ena.EnaFileDownloaderApplication   : No active profile set, falling back to default profiles: default
2023-10-17 20:57:10.626  INFO 5096 --- [main] u.a.e.ena.EnaFileDownloaderApplication   : Started EnaFileDownloaderApplication in 2.34 seconds (JVM running for 3.676)
2023-10-17 20:57:10.651  INFO 5096 --- [main] console                                  : Starting download for format:READS_FASTQ at download location:C:/Users/ns651/OneDrive,protocol:FTP, asperaLoc:null, emailId:NONE, data hub:null
2023-10-17 20:57:10.665  INFO 5096 --- [main] console                                  : Total 2 sample_accession READS_FASTQ records found
2023-10-17 20:57:11.940  INFO 5096 --- [main] u.a.e.e.b.service.EnaPortalService       : portalAPIEndpoint: https://www.ebi.ac.uk/ena/portal/api/search?result=read_run&includeAccessionType=sample&fields=sample_accession,fastq_bytes,fastq_md5,fastq_ftp&format=json&limit=0&client=ena_file_downloader
2023-10-17 20:57:11.943 DEBUG 5096 --- [main] u.a.e.e.b.service.EnaPortalService       : url:https://www.ebi.ac.uk/ena/portal/api/search?result=read_run&includeAccessionType=sample&fields=sample_accession,fastq_bytes,fastq_md5,fastq_ftp&format=json&limit=0&client=ena_file_downloader, body:includeAccessions=SAMEA3231268
2023-10-17 20:57:12.444  INFO 5096 --- [main] u.a.e.e.b.service.EnaPortalService       : portalAPIEndpoint: https://www.ebi.ac.uk/ena/portal/api/search?result=read_run&includeAccessionType=sample&fields=sample_accession,fastq_bytes,fastq_md5,fastq_ftp&format=json&limit=0&client=ena_file_downloader
2023-10-17 20:57:12.445 DEBUG 5096 --- [main] u.a.e.e.b.service.EnaPortalService       : url:https://www.ebi.ac.uk/ena/portal/api/search?result=read_run&includeAccessionType=sample&fields=sample_accession,fastq_bytes,fastq_md5,fastq_ftp&format=json&limit=0&client=ena_file_downloader, body:includeAccessions=SAMEA3231287
2023-10-17 20:57:12.488  INFO 5096 --- [main] console                                  : Downloading 4 files in total
2023-10-17 20:57:12.564 DEBUG 5096 --- [pool-2-thread-1] u.a.e.e.b.service.FileDownloaderService  : Starting 2 files starting with ftp.sra.ebi.ac.uk/vol1/fastq/ERR949/ERR949836/ERR949836_1.fastq.gz
2023-10-17 20:57:12.564  INFO 5096 --- [pool-2-thread-1] u.a.e.e.b.service.FileDownloaderService  : FileURL: ftp://ftp.sra.ebi.ac.uk/vol1/fastq/ERR949/ERR949836/ERR949836_1.fastq.gz
2023-10-17 20:57:12.566 DEBUG 5096 --- [pool-2-thread-1] u.a.e.e.b.service.FileDownloaderService  : File ERR949836_1.fastq.gz already exists and size matches 235358785. Skipping.
2023-10-17 20:57:12.566  INFO 5096 --- [pool-2-thread-1] u.a.e.e.b.service.FileDownloaderService  : FileURL: ftp://ftp.sra.ebi.ac.uk/vol1/fastq/ERR949/ERR949836/ERR949836_2.fastq.gz
2023-10-17 20:57:12.566 DEBUG 5096 --- [pool-2-thread-1] u.a.e.e.b.service.FileDownloaderService  : File ERR949836_2.fastq.gz already exists and size matches 242634120. Skipping.
2023-10-17 20:57:12.578 DEBUG 5096 --- [pool-2-thread-2] u.a.e.e.b.service.FileDownloaderService  : Starting 2 files starting with ftp.sra.ebi.ac.uk/vol1/fastq/ERR949/ERR949855/ERR949855_1.fastq.gz
2023-10-17 20:57:12.578  INFO 5096 --- [pool-2-thread-2] u.a.e.e.b.service.FileDownloaderService  : FileURL: ftp://ftp.sra.ebi.ac.uk/vol1/fastq/ERR949/ERR949855/ERR949855_1.fastq.gz
2023-10-17 20:57:12.579 DEBUG 5096 --- [pool-2-thread-2] u.a.e.e.b.service.FileDownloaderService  : File ERR949855_1.fastq.gz already exists and size matches 136115549. Skipping.
2023-10-17 20:57:12.579  INFO 5096 --- [pool-2-thread-2] u.a.e.e.b.service.FileDownloaderService  : FileURL: ftp://ftp.sra.ebi.ac.uk/vol1/fastq/ERR949/ERR949855/ERR949855_2.fastq.gz
2023-10-17 20:57:12.579 DEBUG 5096 --- [pool-2-thread-2] u.a.e.e.b.service.FileDownloaderService  : File ERR949855_2.fastq.gz already exists and size matches 139059221. Skipping.
2023-10-17 20:57:12.580  INFO 5096 --- [main] console                                  : 4 files successfully downloaded for accessionField:sample_accession, format:READS_FASTQ to C:/Users/ns651/OneDrive
2023-10-17 20:57:12.584  INFO 5096 --- [main] console                                  : Downloads Completed
