2023-10-12 10:53:41.873  INFO 31344 --- [main] u.a.e.ena.EnaFileDownloaderApplication   : Starting EnaFileDownloaderApplication using Java 20.0.2 on 5CG1275NG3 with PID 31344 (C:\Users\ns651\OneDrive - University of Exeter\Desktop\rena\ena-file-downloader\ena-file-downloader.jar started by ns651 in C:\Users\ns651\OneDrive - University of Exeter\Desktop\rena)
2023-10-12 10:53:41.878 DEBUG 31344 --- [main] u.a.e.ena.EnaFileDownloaderApplication   : Running with Spring Boot v2.4.5, Spring v5.3.6
2023-10-12 10:53:41.878  INFO 31344 --- [main] u.a.e.ena.EnaFileDownloaderApplication   : No active profile set, falling back to default profiles: default
2023-10-12 10:53:43.313  INFO 31344 --- [main] u.a.e.ena.EnaFileDownloaderApplication   : Started EnaFileDownloaderApplication in 2.392 seconds (JVM running for 3.252)
2023-10-12 10:54:57.378  INFO 31344 --- [main] console                                  : script content:java -jar C:\Users\ns651\OneDrive - University of Exeter\Desktop\rena\ena-file-downloader\ena-file-downloader.jar --accessions=SAMEA10254937 --format=READS_FASTQ --location=C:/Users/ns651/OneDrive - University of Exeter/Desktop/rena --protocol=FTP --asperaLocation=null --email=NONE
2023-10-12 10:54:57.383  INFO 31344 --- [main] console                                  : Starting download at location C:/Users/ns651/OneDrive - University of Exeter/Desktop/rena
2023-10-12 10:54:57.384  INFO 31344 --- [main] console                                  : Starting download for format:READS_FASTQ at download location:C:/Users/ns651/OneDrive - University of Exeter/Desktop/rena,protocol:FTP, asperaLoc:null, emailId:NONE, data hub:null
2023-10-12 10:54:57.389  INFO 31344 --- [main] console                                  : Total 1 sample_accession READS_FASTQ records found
2023-10-12 10:55:21.645  INFO 31344 --- [main] u.a.e.e.b.service.EnaPortalService       : portalAPIEndpoint: https://www.ebi.ac.uk/ena/portal/api/search?result=read_run&includeAccessionType=sample&fields=sample_accession,fastq_bytes,fastq_md5,fastq_ftp&format=json&limit=0&client=ena_file_downloader
2023-10-12 10:55:21.648 DEBUG 31344 --- [main] u.a.e.e.b.service.EnaPortalService       : url:https://www.ebi.ac.uk/ena/portal/api/search?result=read_run&includeAccessionType=sample&fields=sample_accession,fastq_bytes,fastq_md5,fastq_ftp&format=json&limit=0&client=ena_file_downloader, body:includeAccessions=SAMEA10254937
2023-10-12 10:55:22.143  INFO 31344 --- [main] console                                  : Downloading 2 files in total
2023-10-12 10:55:22.257 DEBUG 31344 --- [pool-2-thread-1] u.a.e.e.b.service.FileDownloaderService  : Starting 2 files starting with ftp.sra.ebi.ac.uk/vol1/fastq/ERR691/006/ERR6912696/ERR6912696_1.fastq.gz
2023-10-12 10:55:22.258  INFO 31344 --- [pool-2-thread-1] u.a.e.e.b.service.FileDownloaderService  : FileURL: ftp://ftp.sra.ebi.ac.uk/vol1/fastq/ERR691/006/ERR6912696/ERR6912696_1.fastq.gz
2023-10-12 10:55:22.260 DEBUG 31344 --- [pool-2-thread-1] u.a.e.e.b.service.FileDownloaderService  : Downloading ERR6912696_1.fastq.gz, parentId:SAMEA10254937
2023-10-12 10:55:24.863 DEBUG 31344 --- [pool-2-thread-1] u.a.e.e.b.service.FileDownloaderService  : Completed download ERR6912696_1.fastq.gz, parentId:SAMEA10254937, bytesCopied:4597524
2023-10-12 10:55:24.888 DEBUG 31344 --- [pool-2-thread-1] u.a.e.e.b.service.FileDownloaderService  : MD5 validation successful for file:ftp.sra.ebi.ac.uk/vol1/fastq/ERR691/006/ERR6912696/ERR6912696_1.fastq.gz
2023-10-12 10:55:24.888 DEBUG 31344 --- [pool-2-thread-1] u.a.e.e.b.service.FileDownloaderService  : C:/Users/ns651/OneDrive - University of Exeter/Desktop/rena\reads_fastq\SAMEA10254937\ERR6912696\ERR6912696_1.fastq.gz completed.
2023-10-12 10:55:24.888  INFO 31344 --- [pool-2-thread-1] u.a.e.e.b.service.FileDownloaderService  : FileURL: ftp://ftp.sra.ebi.ac.uk/vol1/fastq/ERR691/006/ERR6912696/ERR6912696_2.fastq.gz
2023-10-12 10:55:24.888 DEBUG 31344 --- [pool-2-thread-1] u.a.e.e.b.service.FileDownloaderService  : Downloading ERR6912696_2.fastq.gz, parentId:SAMEA10254937
2023-10-12 10:55:25.546 DEBUG 31344 --- [pool-2-thread-1] u.a.e.e.b.service.FileDownloaderService  : Completed download ERR6912696_2.fastq.gz, parentId:SAMEA10254937, bytesCopied:5022873
2023-10-12 10:55:25.560 DEBUG 31344 --- [pool-2-thread-1] u.a.e.e.b.service.FileDownloaderService  : MD5 validation successful for file:ftp.sra.ebi.ac.uk/vol1/fastq/ERR691/006/ERR6912696/ERR6912696_2.fastq.gz
2023-10-12 10:55:25.560 DEBUG 31344 --- [pool-2-thread-1] u.a.e.e.b.service.FileDownloaderService  : C:/Users/ns651/OneDrive - University of Exeter/Desktop/rena\reads_fastq\SAMEA10254937\ERR6912696\ERR6912696_2.fastq.gz completed.
2023-10-12 10:55:25.562  INFO 31344 --- [main] console                                  : 2 files successfully downloaded for accessionField:sample_accession, format:READS_FASTQ to C:/Users/ns651/OneDrive - University of Exeter/Desktop/rena
